<?xml version="1.0" encoding="UTF-8"?>
<testsuite name="runner.TestRunner" tests="0" skipped="0" failures="0" errors="0" timestamp="1970-01-01T00:00:00" hostname="jairolopez-HP-Laptop-14-cf2xxx" time="0.0">
  <properties/>
  <system-out><![CDATA[]]></system-out>
  <system-err><![CDATA[SLF4J(W): No SLF4J providers were found.
SLF4J(W): Defaulting to no-operation (NOP) logger implementation
SLF4J(W): See https://www.slf4j.org/codes.html#noProviders for further details.
abr. 22, 2024 10:13:26 A. M. org.openqa.selenium.devtools.CdpVersionFinder findNearestMatch
ADVERTENCIA: Unable to find an exact match for CDP version 123, returning the closest version; found: 122; Please update to a Selenium version that supports CDP version 123
?[32m?[1m┌──────────────────────────────────────────────────────────────────────────┐?[0m
?[32m?[1m│?[0m View your Cucumber Report at:                                            ?[32m?[1m│?[0m
?[32m?[1m│?[0m ?[1m?[36m?[4mhttps://reports.cucumber.io/reports/be828290-60e6-4079-bc55-c3a01917e26b?[0m ?[32m?[1m│?[0m
?[32m?[1m│?[0m                                                                          ?[32m?[1m│?[0m
?[32m?[1m│?[0m This report was published in collection "ReportsAlejopool"               ?[32m?[1m│?[0m
?[32m?[1m└──────────────────────────────────────────────────────────────────────────┘?[0m]]></system-err>
</testsuite>
